CRITICAL - 2023-10-31 09:00:02 --> Undefined array key "id"
in APPPATH\Views\matakuliah\data_matakuliah.php on line 32.
 1 APPPATH\Views\matakuliah\data_matakuliah.php(32): CodeIgniter\Debug\Exceptions->errorHandler(2, 'Undefined array key "id"', 'D:\\Xampp\\htdocs\\latihanci4_luthfy\\app\\Views\\matakuliah\\data_matakuliah.php', 32)
 2 SYSTEMPATH\View\View.php(226): include('D:\\Xampp\\htdocs\\latihanci4_luthfy\\app\\Views\\matakuliah\\data_matakuliah.php')
 3 SYSTEMPATH\View\View.php(229): CodeIgniter\View\View->CodeIgniter\View\{closure}()
 4 SYSTEMPATH\Common.php(1188): CodeIgniter\View\View->render('matakuliah/data_matakuliah', [], true)
 5 APPPATH\Controllers\Matakuliah.php(19): view('matakuliah/data_matakuliah', [...])
 6 SYSTEMPATH\CodeIgniter.php(919): App\Controllers\Matakuliah->index()
 7 SYSTEMPATH\CodeIgniter.php(494): CodeIgniter\CodeIgniter->runController(Object(App\Controllers\Matakuliah))
 8 SYSTEMPATH\CodeIgniter.php(353): CodeIgniter\CodeIgniter->handleRequest(null, Object(Config\Cache), false)
 9 FCPATH\index.php(79): CodeIgniter\CodeIgniter->run()
ERROR - 2023-10-31 09:03:44 --> mysqli_sql_exception: Unknown column 'id' in 'where clause' in D:\Xampp\htdocs\latihanci4_luthfy\system\Database\MySQLi\Connection.php:306
Stack trace:
#0 D:\Xampp\htdocs\latihanci4_luthfy\system\Database\MySQLi\Connection.php(306): mysqli->query('DELETE FROM `tb...', 0)
#1 D:\Xampp\htdocs\latihanci4_luthfy\system\Database\BaseConnection.php(692): CodeIgniter\Database\MySQLi\Connection->execute('DELETE FROM `tb...')
#2 D:\Xampp\htdocs\latihanci4_luthfy\system\Database\BaseConnection.php(606): CodeIgniter\Database\BaseConnection->simpleQuery('DELETE FROM `tb...')
#3 D:\Xampp\htdocs\latihanci4_luthfy\system\Database\BaseBuilder.php(2790): CodeIgniter\Database\BaseConnection->query('DELETE FROM `tb...', Array, false)
#4 D:\Xampp\htdocs\latihanci4_luthfy\app\Models\MatakuliahModel.php(22): CodeIgniter\Database\BaseBuilder->delete(Array)
#5 D:\Xampp\htdocs\latihanci4_luthfy\app\Controllers\Matakuliah.php(62): App\Models\MatakuliahModel->delete_data('2')
#6 D:\Xampp\htdocs\latihanci4_luthfy\system\CodeIgniter.php(919): App\Controllers\Matakuliah->delete('2')
#7 D:\Xampp\htdocs\latihanci4_luthfy\system\CodeIgniter.php(494): CodeIgniter\CodeIgniter->runController(Object(App\Controllers\Matakuliah))
#8 D:\Xampp\htdocs\latihanci4_luthfy\system\CodeIgniter.php(353): CodeIgniter\CodeIgniter->handleRequest(NULL, Object(Config\Cache), false)
#9 D:\Xampp\htdocs\latihanci4_luthfy\public\index.php(79): CodeIgniter\CodeIgniter->run()
#10 {main}
CRITICAL - 2023-10-31 09:03:44 --> Unknown column 'id' in 'where clause'
in SYSTEMPATH\Database\BaseConnection.php on line 646.
 1 SYSTEMPATH\Database\BaseBuilder.php(2790): CodeIgniter\Database\BaseConnection->query('DELETE FROM `tbl_matakuliah`
WHERE `id` = :id:', [...], false)
 2 APPPATH\Models\MatakuliahModel.php(22): CodeIgniter\Database\BaseBuilder->delete([...])
 3 APPPATH\Controllers\Matakuliah.php(62): App\Models\MatakuliahModel->delete_data('2')
 4 SYSTEMPATH\CodeIgniter.php(919): App\Controllers\Matakuliah->delete('2')
 5 SYSTEMPATH\CodeIgniter.php(494): CodeIgniter\CodeIgniter->runController(Object(App\Controllers\Matakuliah))
 6 SYSTEMPATH\CodeIgniter.php(353): CodeIgniter\CodeIgniter->handleRequest(null, Object(Config\Cache), false)
 7 FCPATH\index.php(79): CodeIgniter\CodeIgniter->run()
ERROR - 2023-10-31 09:03:58 --> mysqli_sql_exception: Unknown column 'id' in 'where clause' in D:\Xampp\htdocs\latihanci4_luthfy\system\Database\MySQLi\Connection.php:306
Stack trace:
#0 D:\Xampp\htdocs\latihanci4_luthfy\system\Database\MySQLi\Connection.php(306): mysqli->query('DELETE FROM `tb...', 0)
#1 D:\Xampp\htdocs\latihanci4_luthfy\system\Database\BaseConnection.php(692): CodeIgniter\Database\MySQLi\Connection->execute('DELETE FROM `tb...')
#2 D:\Xampp\htdocs\latihanci4_luthfy\system\Database\BaseConnection.php(606): CodeIgniter\Database\BaseConnection->simpleQuery('DELETE FROM `tb...')
#3 D:\Xampp\htdocs\latihanci4_luthfy\system\Database\BaseBuilder.php(2790): CodeIgniter\Database\BaseConnection->query('DELETE FROM `tb...', Array, false)
#4 D:\Xampp\htdocs\latihanci4_luthfy\app\Models\MatakuliahModel.php(22): CodeIgniter\Database\BaseBuilder->delete(Array)
#5 D:\Xampp\htdocs\latihanci4_luthfy\app\Controllers\Matakuliah.php(62): App\Models\MatakuliahModel->delete_data('2')
#6 D:\Xampp\htdocs\latihanci4_luthfy\system\CodeIgniter.php(919): App\Controllers\Matakuliah->delete('2')
#7 D:\Xampp\htdocs\latihanci4_luthfy\system\CodeIgniter.php(494): CodeIgniter\CodeIgniter->runController(Object(App\Controllers\Matakuliah))
#8 D:\Xampp\htdocs\latihanci4_luthfy\system\CodeIgniter.php(353): CodeIgniter\CodeIgniter->handleRequest(NULL, Object(Config\Cache), false)
#9 D:\Xampp\htdocs\latihanci4_luthfy\public\index.php(79): CodeIgniter\CodeIgniter->run()
#10 {main}
CRITICAL - 2023-10-31 09:03:58 --> Unknown column 'id' in 'where clause'
in SYSTEMPATH\Database\BaseConnection.php on line 646.
 1 SYSTEMPATH\Database\BaseBuilder.php(2790): CodeIgniter\Database\BaseConnection->query('DELETE FROM `tbl_matakuliah`
WHERE `id` = :id:', [...], false)
 2 APPPATH\Models\MatakuliahModel.php(22): CodeIgniter\Database\BaseBuilder->delete([...])
 3 APPPATH\Controllers\Matakuliah.php(62): App\Models\MatakuliahModel->delete_data('2')
 4 SYSTEMPATH\CodeIgniter.php(919): App\Controllers\Matakuliah->delete('2')
 5 SYSTEMPATH\CodeIgniter.php(494): CodeIgniter\CodeIgniter->runController(Object(App\Controllers\Matakuliah))
 6 SYSTEMPATH\CodeIgniter.php(353): CodeIgniter\CodeIgniter->handleRequest(null, Object(Config\Cache), false)
 7 FCPATH\index.php(79): CodeIgniter\CodeIgniter->run()
ERROR - 2023-10-31 09:03:59 --> mysqli_sql_exception: Unknown column 'id' in 'where clause' in D:\Xampp\htdocs\latihanci4_luthfy\system\Database\MySQLi\Connection.php:306
Stack trace:
#0 D:\Xampp\htdocs\latihanci4_luthfy\system\Database\MySQLi\Connection.php(306): mysqli->query('DELETE FROM `tb...', 0)
#1 D:\Xampp\htdocs\latihanci4_luthfy\system\Database\BaseConnection.php(692): CodeIgniter\Database\MySQLi\Connection->execute('DELETE FROM `tb...')
#2 D:\Xampp\htdocs\latihanci4_luthfy\system\Database\BaseConnection.php(606): CodeIgniter\Database\BaseConnection->simpleQuery('DELETE FROM `tb...')
#3 D:\Xampp\htdocs\latihanci4_luthfy\system\Database\BaseBuilder.php(2790): CodeIgniter\Database\BaseConnection->query('DELETE FROM `tb...', Array, false)
#4 D:\Xampp\htdocs\latihanci4_luthfy\app\Models\MatakuliahModel.php(22): CodeIgniter\Database\BaseBuilder->delete(Array)
#5 D:\Xampp\htdocs\latihanci4_luthfy\app\Controllers\Matakuliah.php(62): App\Models\MatakuliahModel->delete_data('2')
#6 D:\Xampp\htdocs\latihanci4_luthfy\system\CodeIgniter.php(919): App\Controllers\Matakuliah->delete('2')
#7 D:\Xampp\htdocs\latihanci4_luthfy\system\CodeIgniter.php(494): CodeIgniter\CodeIgniter->runController(Object(App\Controllers\Matakuliah))
#8 D:\Xampp\htdocs\latihanci4_luthfy\system\CodeIgniter.php(353): CodeIgniter\CodeIgniter->handleRequest(NULL, Object(Config\Cache), false)
#9 D:\Xampp\htdocs\latihanci4_luthfy\public\index.php(79): CodeIgniter\CodeIgniter->run()
#10 {main}
CRITICAL - 2023-10-31 09:03:59 --> Unknown column 'id' in 'where clause'
in SYSTEMPATH\Database\BaseConnection.php on line 646.
 1 SYSTEMPATH\Database\BaseBuilder.php(2790): CodeIgniter\Database\BaseConnection->query('DELETE FROM `tbl_matakuliah`
WHERE `id` = :id:', [...], false)
 2 APPPATH\Models\MatakuliahModel.php(22): CodeIgniter\Database\BaseBuilder->delete([...])
 3 APPPATH\Controllers\Matakuliah.php(62): App\Models\MatakuliahModel->delete_data('2')
 4 SYSTEMPATH\CodeIgniter.php(919): App\Controllers\Matakuliah->delete('2')
 5 SYSTEMPATH\CodeIgniter.php(494): CodeIgniter\CodeIgniter->runController(Object(App\Controllers\Matakuliah))
 6 SYSTEMPATH\CodeIgniter.php(353): CodeIgniter\CodeIgniter->handleRequest(null, Object(Config\Cache), false)
 7 FCPATH\index.php(79): CodeIgniter\CodeIgniter->run()
ERROR - 2023-10-31 09:04:40 --> mysqli_sql_exception: Unknown column 'id' in 'where clause' in D:\Xampp\htdocs\latihanci4_luthfy\system\Database\MySQLi\Connection.php:306
Stack trace:
#0 D:\Xampp\htdocs\latihanci4_luthfy\system\Database\MySQLi\Connection.php(306): mysqli->query('DELETE FROM `tb...', 0)
#1 D:\Xampp\htdocs\latihanci4_luthfy\system\Database\BaseConnection.php(692): CodeIgniter\Database\MySQLi\Connection->execute('DELETE FROM `tb...')
#2 D:\Xampp\htdocs\latihanci4_luthfy\system\Database\BaseConnection.php(606): CodeIgniter\Database\BaseConnection->simpleQuery('DELETE FROM `tb...')
#3 D:\Xampp\htdocs\latihanci4_luthfy\system\Database\BaseBuilder.php(2790): CodeIgniter\Database\BaseConnection->query('DELETE FROM `tb...', Array, false)
#4 D:\Xampp\htdocs\latihanci4_luthfy\app\Models\MatakuliahModel.php(22): CodeIgniter\Database\BaseBuilder->delete(Array)
#5 D:\Xampp\htdocs\latihanci4_luthfy\app\Controllers\Matakuliah.php(62): App\Models\MatakuliahModel->delete_data('2')
#6 D:\Xampp\htdocs\latihanci4_luthfy\system\CodeIgniter.php(919): App\Controllers\Matakuliah->delete('2')
#7 D:\Xampp\htdocs\latihanci4_luthfy\system\CodeIgniter.php(494): CodeIgniter\CodeIgniter->runController(Object(App\Controllers\Matakuliah))
#8 D:\Xampp\htdocs\latihanci4_luthfy\system\CodeIgniter.php(353): CodeIgniter\CodeIgniter->handleRequest(NULL, Object(Config\Cache), false)
#9 D:\Xampp\htdocs\latihanci4_luthfy\public\index.php(79): CodeIgniter\CodeIgniter->run()
#10 {main}
CRITICAL - 2023-10-31 09:04:40 --> Unknown column 'id' in 'where clause'
in SYSTEMPATH\Database\BaseConnection.php on line 646.
 1 SYSTEMPATH\Database\BaseBuilder.php(2790): CodeIgniter\Database\BaseConnection->query('DELETE FROM `tbl_matakuliah`
WHERE `id` = :id:', [...], false)
 2 APPPATH\Models\MatakuliahModel.php(22): CodeIgniter\Database\BaseBuilder->delete([...])
 3 APPPATH\Controllers\Matakuliah.php(62): App\Models\MatakuliahModel->delete_data('2')
 4 SYSTEMPATH\CodeIgniter.php(919): App\Controllers\Matakuliah->delete('2')
 5 SYSTEMPATH\CodeIgniter.php(494): CodeIgniter\CodeIgniter->runController(Object(App\Controllers\Matakuliah))
 6 SYSTEMPATH\CodeIgniter.php(353): CodeIgniter\CodeIgniter->handleRequest(null, Object(Config\Cache), false)
 7 FCPATH\index.php(79): CodeIgniter\CodeIgniter->run()
ERROR - 2023-10-31 09:04:40 --> mysqli_sql_exception: Unknown column 'id' in 'where clause' in D:\Xampp\htdocs\latihanci4_luthfy\system\Database\MySQLi\Connection.php:306
Stack trace:
#0 D:\Xampp\htdocs\latihanci4_luthfy\system\Database\MySQLi\Connection.php(306): mysqli->query('DELETE FROM `tb...', 0)
#1 D:\Xampp\htdocs\latihanci4_luthfy\system\Database\BaseConnection.php(692): CodeIgniter\Database\MySQLi\Connection->execute('DELETE FROM `tb...')
#2 D:\Xampp\htdocs\latihanci4_luthfy\system\Database\BaseConnection.php(606): CodeIgniter\Database\BaseConnection->simpleQuery('DELETE FROM `tb...')
#3 D:\Xampp\htdocs\latihanci4_luthfy\system\Database\BaseBuilder.php(2790): CodeIgniter\Database\BaseConnection->query('DELETE FROM `tb...', Array, false)
#4 D:\Xampp\htdocs\latihanci4_luthfy\app\Models\MatakuliahModel.php(22): CodeIgniter\Database\BaseBuilder->delete(Array)
#5 D:\Xampp\htdocs\latihanci4_luthfy\app\Controllers\Matakuliah.php(62): App\Models\MatakuliahModel->delete_data('2')
#6 D:\Xampp\htdocs\latihanci4_luthfy\system\CodeIgniter.php(919): App\Controllers\Matakuliah->delete('2')
#7 D:\Xampp\htdocs\latihanci4_luthfy\system\CodeIgniter.php(494): CodeIgniter\CodeIgniter->runController(Object(App\Controllers\Matakuliah))
#8 D:\Xampp\htdocs\latihanci4_luthfy\system\CodeIgniter.php(353): CodeIgniter\CodeIgniter->handleRequest(NULL, Object(Config\Cache), false)
#9 D:\Xampp\htdocs\latihanci4_luthfy\public\index.php(79): CodeIgniter\CodeIgniter->run()
#10 {main}
CRITICAL - 2023-10-31 09:04:40 --> Unknown column 'id' in 'where clause'
in SYSTEMPATH\Database\BaseConnection.php on line 646.
 1 SYSTEMPATH\Database\BaseBuilder.php(2790): CodeIgniter\Database\BaseConnection->query('DELETE FROM `tbl_matakuliah`
WHERE `id` = :id:', [...], false)
 2 APPPATH\Models\MatakuliahModel.php(22): CodeIgniter\Database\BaseBuilder->delete([...])
 3 APPPATH\Controllers\Matakuliah.php(62): App\Models\MatakuliahModel->delete_data('2')
 4 SYSTEMPATH\CodeIgniter.php(919): App\Controllers\Matakuliah->delete('2')
 5 SYSTEMPATH\CodeIgniter.php(494): CodeIgniter\CodeIgniter->runController(Object(App\Controllers\Matakuliah))
 6 SYSTEMPATH\CodeIgniter.php(353): CodeIgniter\CodeIgniter->handleRequest(null, Object(Config\Cache), false)
 7 FCPATH\index.php(79): CodeIgniter\CodeIgniter->run()
ERROR - 2023-10-31 09:04:41 --> mysqli_sql_exception: Unknown column 'id' in 'where clause' in D:\Xampp\htdocs\latihanci4_luthfy\system\Database\MySQLi\Connection.php:306
Stack trace:
#0 D:\Xampp\htdocs\latihanci4_luthfy\system\Database\MySQLi\Connection.php(306): mysqli->query('DELETE FROM `tb...', 0)
#1 D:\Xampp\htdocs\latihanci4_luthfy\system\Database\BaseConnection.php(692): CodeIgniter\Database\MySQLi\Connection->execute('DELETE FROM `tb...')
#2 D:\Xampp\htdocs\latihanci4_luthfy\system\Database\BaseConnection.php(606): CodeIgniter\Database\BaseConnection->simpleQuery('DELETE FROM `tb...')
#3 D:\Xampp\htdocs\latihanci4_luthfy\system\Database\BaseBuilder.php(2790): CodeIgniter\Database\BaseConnection->query('DELETE FROM `tb...', Array, false)
#4 D:\Xampp\htdocs\latihanci4_luthfy\app\Models\MatakuliahModel.php(22): CodeIgniter\Database\BaseBuilder->delete(Array)
#5 D:\Xampp\htdocs\latihanci4_luthfy\app\Controllers\Matakuliah.php(62): App\Models\MatakuliahModel->delete_data('2')
#6 D:\Xampp\htdocs\latihanci4_luthfy\system\CodeIgniter.php(919): App\Controllers\Matakuliah->delete('2')
#7 D:\Xampp\htdocs\latihanci4_luthfy\system\CodeIgniter.php(494): CodeIgniter\CodeIgniter->runController(Object(App\Controllers\Matakuliah))
#8 D:\Xampp\htdocs\latihanci4_luthfy\system\CodeIgniter.php(353): CodeIgniter\CodeIgniter->handleRequest(NULL, Object(Config\Cache), false)
#9 D:\Xampp\htdocs\latihanci4_luthfy\public\index.php(79): CodeIgniter\CodeIgniter->run()
#10 {main}
CRITICAL - 2023-10-31 09:04:41 --> Unknown column 'id' in 'where clause'
in SYSTEMPATH\Database\BaseConnection.php on line 646.
 1 SYSTEMPATH\Database\BaseBuilder.php(2790): CodeIgniter\Database\BaseConnection->query('DELETE FROM `tbl_matakuliah`
WHERE `id` = :id:', [...], false)
 2 APPPATH\Models\MatakuliahModel.php(22): CodeIgniter\Database\BaseBuilder->delete([...])
 3 APPPATH\Controllers\Matakuliah.php(62): App\Models\MatakuliahModel->delete_data('2')
 4 SYSTEMPATH\CodeIgniter.php(919): App\Controllers\Matakuliah->delete('2')
 5 SYSTEMPATH\CodeIgniter.php(494): CodeIgniter\CodeIgniter->runController(Object(App\Controllers\Matakuliah))
 6 SYSTEMPATH\CodeIgniter.php(353): CodeIgniter\CodeIgniter->handleRequest(null, Object(Config\Cache), false)
 7 FCPATH\index.php(79): CodeIgniter\CodeIgniter->run()
ERROR - 2023-10-31 09:04:41 --> mysqli_sql_exception: Unknown column 'id' in 'where clause' in D:\Xampp\htdocs\latihanci4_luthfy\system\Database\MySQLi\Connection.php:306
Stack trace:
#0 D:\Xampp\htdocs\latihanci4_luthfy\system\Database\MySQLi\Connection.php(306): mysqli->query('DELETE FROM `tb...', 0)
#1 D:\Xampp\htdocs\latihanci4_luthfy\system\Database\BaseConnection.php(692): CodeIgniter\Database\MySQLi\Connection->execute('DELETE FROM `tb...')
#2 D:\Xampp\htdocs\latihanci4_luthfy\system\Database\BaseConnection.php(606): CodeIgniter\Database\BaseConnection->simpleQuery('DELETE FROM `tb...')
#3 D:\Xampp\htdocs\latihanci4_luthfy\system\Database\BaseBuilder.php(2790): CodeIgniter\Database\BaseConnection->query('DELETE FROM `tb...', Array, false)
#4 D:\Xampp\htdocs\latihanci4_luthfy\app\Models\MatakuliahModel.php(22): CodeIgniter\Database\BaseBuilder->delete(Array)
#5 D:\Xampp\htdocs\latihanci4_luthfy\app\Controllers\Matakuliah.php(62): App\Models\MatakuliahModel->delete_data('2')
#6 D:\Xampp\htdocs\latihanci4_luthfy\system\CodeIgniter.php(919): App\Controllers\Matakuliah->delete('2')
#7 D:\Xampp\htdocs\latihanci4_luthfy\system\CodeIgniter.php(494): CodeIgniter\CodeIgniter->runController(Object(App\Controllers\Matakuliah))
#8 D:\Xampp\htdocs\latihanci4_luthfy\system\CodeIgniter.php(353): CodeIgniter\CodeIgniter->handleRequest(NULL, Object(Config\Cache), false)
#9 D:\Xampp\htdocs\latihanci4_luthfy\public\index.php(79): CodeIgniter\CodeIgniter->run()
#10 {main}
CRITICAL - 2023-10-31 09:04:41 --> Unknown column 'id' in 'where clause'
in SYSTEMPATH\Database\BaseConnection.php on line 646.
 1 SYSTEMPATH\Database\BaseBuilder.php(2790): CodeIgniter\Database\BaseConnection->query('DELETE FROM `tbl_matakuliah`
WHERE `id` = :id:', [...], false)
 2 APPPATH\Models\MatakuliahModel.php(22): CodeIgniter\Database\BaseBuilder->delete([...])
 3 APPPATH\Controllers\Matakuliah.php(62): App\Models\MatakuliahModel->delete_data('2')
 4 SYSTEMPATH\CodeIgniter.php(919): App\Controllers\Matakuliah->delete('2')
 5 SYSTEMPATH\CodeIgniter.php(494): CodeIgniter\CodeIgniter->runController(Object(App\Controllers\Matakuliah))
 6 SYSTEMPATH\CodeIgniter.php(353): CodeIgniter\CodeIgniter->handleRequest(null, Object(Config\Cache), false)
 7 FCPATH\index.php(79): CodeIgniter\CodeIgniter->run()
ERROR - 2023-10-31 09:04:52 --> mysqli_sql_exception: Unknown column 'id' in 'where clause' in D:\Xampp\htdocs\latihanci4_luthfy\system\Database\MySQLi\Connection.php:306
Stack trace:
#0 D:\Xampp\htdocs\latihanci4_luthfy\system\Database\MySQLi\Connection.php(306): mysqli->query('DELETE FROM `tb...', 0)
#1 D:\Xampp\htdocs\latihanci4_luthfy\system\Database\BaseConnection.php(692): CodeIgniter\Database\MySQLi\Connection->execute('DELETE FROM `tb...')
#2 D:\Xampp\htdocs\latihanci4_luthfy\system\Database\BaseConnection.php(606): CodeIgniter\Database\BaseConnection->simpleQuery('DELETE FROM `tb...')
#3 D:\Xampp\htdocs\latihanci4_luthfy\system\Database\BaseBuilder.php(2790): CodeIgniter\Database\BaseConnection->query('DELETE FROM `tb...', Array, false)
#4 D:\Xampp\htdocs\latihanci4_luthfy\app\Models\MatakuliahModel.php(22): CodeIgniter\Database\BaseBuilder->delete(Array)
#5 D:\Xampp\htdocs\latihanci4_luthfy\app\Controllers\Matakuliah.php(62): App\Models\MatakuliahModel->delete_data('2')
#6 D:\Xampp\htdocs\latihanci4_luthfy\system\CodeIgniter.php(919): App\Controllers\Matakuliah->delete('2')
#7 D:\Xampp\htdocs\latihanci4_luthfy\system\CodeIgniter.php(494): CodeIgniter\CodeIgniter->runController(Object(App\Controllers\Matakuliah))
#8 D:\Xampp\htdocs\latihanci4_luthfy\system\CodeIgniter.php(353): CodeIgniter\CodeIgniter->handleRequest(NULL, Object(Config\Cache), false)
#9 D:\Xampp\htdocs\latihanci4_luthfy\public\index.php(79): CodeIgniter\CodeIgniter->run()
#10 {main}
CRITICAL - 2023-10-31 09:04:52 --> Unknown column 'id' in 'where clause'
in SYSTEMPATH\Database\BaseConnection.php on line 646.
 1 SYSTEMPATH\Database\BaseBuilder.php(2790): CodeIgniter\Database\BaseConnection->query('DELETE FROM `tbl_matakuliah`
WHERE `id` = :id:', [...], false)
 2 APPPATH\Models\MatakuliahModel.php(22): CodeIgniter\Database\BaseBuilder->delete([...])
 3 APPPATH\Controllers\Matakuliah.php(62): App\Models\MatakuliahModel->delete_data('2')
 4 SYSTEMPATH\CodeIgniter.php(919): App\Controllers\Matakuliah->delete('2')
 5 SYSTEMPATH\CodeIgniter.php(494): CodeIgniter\CodeIgniter->runController(Object(App\Controllers\Matakuliah))
 6 SYSTEMPATH\CodeIgniter.php(353): CodeIgniter\CodeIgniter->handleRequest(null, Object(Config\Cache), false)
 7 FCPATH\index.php(79): CodeIgniter\CodeIgniter->run()
ERROR - 2023-10-31 09:04:53 --> mysqli_sql_exception: Unknown column 'id' in 'where clause' in D:\Xampp\htdocs\latihanci4_luthfy\system\Database\MySQLi\Connection.php:306
Stack trace:
#0 D:\Xampp\htdocs\latihanci4_luthfy\system\Database\MySQLi\Connection.php(306): mysqli->query('DELETE FROM `tb...', 0)
#1 D:\Xampp\htdocs\latihanci4_luthfy\system\Database\BaseConnection.php(692): CodeIgniter\Database\MySQLi\Connection->execute('DELETE FROM `tb...')
#2 D:\Xampp\htdocs\latihanci4_luthfy\system\Database\BaseConnection.php(606): CodeIgniter\Database\BaseConnection->simpleQuery('DELETE FROM `tb...')
#3 D:\Xampp\htdocs\latihanci4_luthfy\system\Database\BaseBuilder.php(2790): CodeIgniter\Database\BaseConnection->query('DELETE FROM `tb...', Array, false)
#4 D:\Xampp\htdocs\latihanci4_luthfy\app\Models\MatakuliahModel.php(22): CodeIgniter\Database\BaseBuilder->delete(Array)
#5 D:\Xampp\htdocs\latihanci4_luthfy\app\Controllers\Matakuliah.php(62): App\Models\MatakuliahModel->delete_data('2')
#6 D:\Xampp\htdocs\latihanci4_luthfy\system\CodeIgniter.php(919): App\Controllers\Matakuliah->delete('2')
#7 D:\Xampp\htdocs\latihanci4_luthfy\system\CodeIgniter.php(494): CodeIgniter\CodeIgniter->runController(Object(App\Controllers\Matakuliah))
#8 D:\Xampp\htdocs\latihanci4_luthfy\system\CodeIgniter.php(353): CodeIgniter\CodeIgniter->handleRequest(NULL, Object(Config\Cache), false)
#9 D:\Xampp\htdocs\latihanci4_luthfy\public\index.php(79): CodeIgniter\CodeIgniter->run()
#10 {main}
CRITICAL - 2023-10-31 09:04:53 --> Unknown column 'id' in 'where clause'
in SYSTEMPATH\Database\BaseConnection.php on line 646.
 1 SYSTEMPATH\Database\BaseBuilder.php(2790): CodeIgniter\Database\BaseConnection->query('DELETE FROM `tbl_matakuliah`
WHERE `id` = :id:', [...], false)
 2 APPPATH\Models\MatakuliahModel.php(22): CodeIgniter\Database\BaseBuilder->delete([...])
 3 APPPATH\Controllers\Matakuliah.php(62): App\Models\MatakuliahModel->delete_data('2')
 4 SYSTEMPATH\CodeIgniter.php(919): App\Controllers\Matakuliah->delete('2')
 5 SYSTEMPATH\CodeIgniter.php(494): CodeIgniter\CodeIgniter->runController(Object(App\Controllers\Matakuliah))
 6 SYSTEMPATH\CodeIgniter.php(353): CodeIgniter\CodeIgniter->handleRequest(null, Object(Config\Cache), false)
 7 FCPATH\index.php(79): CodeIgniter\CodeIgniter->run()
ERROR - 2023-10-31 09:04:53 --> mysqli_sql_exception: Unknown column 'id' in 'where clause' in D:\Xampp\htdocs\latihanci4_luthfy\system\Database\MySQLi\Connection.php:306
Stack trace:
#0 D:\Xampp\htdocs\latihanci4_luthfy\system\Database\MySQLi\Connection.php(306): mysqli->query('DELETE FROM `tb...', 0)
#1 D:\Xampp\htdocs\latihanci4_luthfy\system\Database\BaseConnection.php(692): CodeIgniter\Database\MySQLi\Connection->execute('DELETE FROM `tb...')
#2 D:\Xampp\htdocs\latihanci4_luthfy\system\Database\BaseConnection.php(606): CodeIgniter\Database\BaseConnection->simpleQuery('DELETE FROM `tb...')
#3 D:\Xampp\htdocs\latihanci4_luthfy\system\Database\BaseBuilder.php(2790): CodeIgniter\Database\BaseConnection->query('DELETE FROM `tb...', Array, false)
#4 D:\Xampp\htdocs\latihanci4_luthfy\app\Models\MatakuliahModel.php(22): CodeIgniter\Database\BaseBuilder->delete(Array)
#5 D:\Xampp\htdocs\latihanci4_luthfy\app\Controllers\Matakuliah.php(62): App\Models\MatakuliahModel->delete_data('2')
#6 D:\Xampp\htdocs\latihanci4_luthfy\system\CodeIgniter.php(919): App\Controllers\Matakuliah->delete('2')
#7 D:\Xampp\htdocs\latihanci4_luthfy\system\CodeIgniter.php(494): CodeIgniter\CodeIgniter->runController(Object(App\Controllers\Matakuliah))
#8 D:\Xampp\htdocs\latihanci4_luthfy\system\CodeIgniter.php(353): CodeIgniter\CodeIgniter->handleRequest(NULL, Object(Config\Cache), false)
#9 D:\Xampp\htdocs\latihanci4_luthfy\public\index.php(79): CodeIgniter\CodeIgniter->run()
#10 {main}
CRITICAL - 2023-10-31 09:04:53 --> Unknown column 'id' in 'where clause'
in SYSTEMPATH\Database\BaseConnection.php on line 646.
 1 SYSTEMPATH\Database\BaseBuilder.php(2790): CodeIgniter\Database\BaseConnection->query('DELETE FROM `tbl_matakuliah`
WHERE `id` = :id:', [...], false)
 2 APPPATH\Models\MatakuliahModel.php(22): CodeIgniter\Database\BaseBuilder->delete([...])
 3 APPPATH\Controllers\Matakuliah.php(62): App\Models\MatakuliahModel->delete_data('2')
 4 SYSTEMPATH\CodeIgniter.php(919): App\Controllers\Matakuliah->delete('2')
 5 SYSTEMPATH\CodeIgniter.php(494): CodeIgniter\CodeIgniter->runController(Object(App\Controllers\Matakuliah))
 6 SYSTEMPATH\CodeIgniter.php(353): CodeIgniter\CodeIgniter->handleRequest(null, Object(Config\Cache), false)
 7 FCPATH\index.php(79): CodeIgniter\CodeIgniter->run()
ERROR - 2023-10-31 09:04:53 --> mysqli_sql_exception: Unknown column 'id' in 'where clause' in D:\Xampp\htdocs\latihanci4_luthfy\system\Database\MySQLi\Connection.php:306
Stack trace:
#0 D:\Xampp\htdocs\latihanci4_luthfy\system\Database\MySQLi\Connection.php(306): mysqli->query('DELETE FROM `tb...', 0)
#1 D:\Xampp\htdocs\latihanci4_luthfy\system\Database\BaseConnection.php(692): CodeIgniter\Database\MySQLi\Connection->execute('DELETE FROM `tb...')
#2 D:\Xampp\htdocs\latihanci4_luthfy\system\Database\BaseConnection.php(606): CodeIgniter\Database\BaseConnection->simpleQuery('DELETE FROM `tb...')
#3 D:\Xampp\htdocs\latihanci4_luthfy\system\Database\BaseBuilder.php(2790): CodeIgniter\Database\BaseConnection->query('DELETE FROM `tb...', Array, false)
#4 D:\Xampp\htdocs\latihanci4_luthfy\app\Models\MatakuliahModel.php(22): CodeIgniter\Database\BaseBuilder->delete(Array)
#5 D:\Xampp\htdocs\latihanci4_luthfy\app\Controllers\Matakuliah.php(62): App\Models\MatakuliahModel->delete_data('2')
#6 D:\Xampp\htdocs\latihanci4_luthfy\system\CodeIgniter.php(919): App\Controllers\Matakuliah->delete('2')
#7 D:\Xampp\htdocs\latihanci4_luthfy\system\CodeIgniter.php(494): CodeIgniter\CodeIgniter->runController(Object(App\Controllers\Matakuliah))
#8 D:\Xampp\htdocs\latihanci4_luthfy\system\CodeIgniter.php(353): CodeIgniter\CodeIgniter->handleRequest(NULL, Object(Config\Cache), false)
#9 D:\Xampp\htdocs\latihanci4_luthfy\public\index.php(79): CodeIgniter\CodeIgniter->run()
#10 {main}
CRITICAL - 2023-10-31 09:04:53 --> Unknown column 'id' in 'where clause'
in SYSTEMPATH\Database\BaseConnection.php on line 646.
 1 SYSTEMPATH\Database\BaseBuilder.php(2790): CodeIgniter\Database\BaseConnection->query('DELETE FROM `tbl_matakuliah`
WHERE `id` = :id:', [...], false)
 2 APPPATH\Models\MatakuliahModel.php(22): CodeIgniter\Database\BaseBuilder->delete([...])
 3 APPPATH\Controllers\Matakuliah.php(62): App\Models\MatakuliahModel->delete_data('2')
 4 SYSTEMPATH\CodeIgniter.php(919): App\Controllers\Matakuliah->delete('2')
 5 SYSTEMPATH\CodeIgniter.php(494): CodeIgniter\CodeIgniter->runController(Object(App\Controllers\Matakuliah))
 6 SYSTEMPATH\CodeIgniter.php(353): CodeIgniter\CodeIgniter->handleRequest(null, Object(Config\Cache), false)
 7 FCPATH\index.php(79): CodeIgniter\CodeIgniter->run()
ERROR - 2023-10-31 09:04:55 --> mysqli_sql_exception: Unknown column 'id' in 'where clause' in D:\Xampp\htdocs\latihanci4_luthfy\system\Database\MySQLi\Connection.php:306
Stack trace:
#0 D:\Xampp\htdocs\latihanci4_luthfy\system\Database\MySQLi\Connection.php(306): mysqli->query('DELETE FROM `tb...', 0)
#1 D:\Xampp\htdocs\latihanci4_luthfy\system\Database\BaseConnection.php(692): CodeIgniter\Database\MySQLi\Connection->execute('DELETE FROM `tb...')
#2 D:\Xampp\htdocs\latihanci4_luthfy\system\Database\BaseConnection.php(606): CodeIgniter\Database\BaseConnection->simpleQuery('DELETE FROM `tb...')
#3 D:\Xampp\htdocs\latihanci4_luthfy\system\Database\BaseBuilder.php(2790): CodeIgniter\Database\BaseConnection->query('DELETE FROM `tb...', Array, false)
#4 D:\Xampp\htdocs\latihanci4_luthfy\app\Models\MatakuliahModel.php(22): CodeIgniter\Database\BaseBuilder->delete(Array)
#5 D:\Xampp\htdocs\latihanci4_luthfy\app\Controllers\Matakuliah.php(62): App\Models\MatakuliahModel->delete_data('2')
#6 D:\Xampp\htdocs\latihanci4_luthfy\system\CodeIgniter.php(919): App\Controllers\Matakuliah->delete('2')
#7 D:\Xampp\htdocs\latihanci4_luthfy\system\CodeIgniter.php(494): CodeIgniter\CodeIgniter->runController(Object(App\Controllers\Matakuliah))
#8 D:\Xampp\htdocs\latihanci4_luthfy\system\CodeIgniter.php(353): CodeIgniter\CodeIgniter->handleRequest(NULL, Object(Config\Cache), false)
#9 D:\Xampp\htdocs\latihanci4_luthfy\public\index.php(79): CodeIgniter\CodeIgniter->run()
#10 {main}
CRITICAL - 2023-10-31 09:04:55 --> Unknown column 'id' in 'where clause'
in SYSTEMPATH\Database\BaseConnection.php on line 646.
 1 SYSTEMPATH\Database\BaseBuilder.php(2790): CodeIgniter\Database\BaseConnection->query('DELETE FROM `tbl_matakuliah`
WHERE `id` = :id:', [...], false)
 2 APPPATH\Models\MatakuliahModel.php(22): CodeIgniter\Database\BaseBuilder->delete([...])
 3 APPPATH\Controllers\Matakuliah.php(62): App\Models\MatakuliahModel->delete_data('2')
 4 SYSTEMPATH\CodeIgniter.php(919): App\Controllers\Matakuliah->delete('2')
 5 SYSTEMPATH\CodeIgniter.php(494): CodeIgniter\CodeIgniter->runController(Object(App\Controllers\Matakuliah))
 6 SYSTEMPATH\CodeIgniter.php(353): CodeIgniter\CodeIgniter->handleRequest(null, Object(Config\Cache), false)
 7 FCPATH\index.php(79): CodeIgniter\CodeIgniter->run()
ERROR - 2023-10-31 09:21:24 --> mysqli_sql_exception: Unknown column 'id' in 'where clause' in D:\Xampp\htdocs\latihanci4_luthfy\system\Database\MySQLi\Connection.php:306
Stack trace:
#0 D:\Xampp\htdocs\latihanci4_luthfy\system\Database\MySQLi\Connection.php(306): mysqli->query('DELETE FROM `tb...', 0)
#1 D:\Xampp\htdocs\latihanci4_luthfy\system\Database\BaseConnection.php(692): CodeIgniter\Database\MySQLi\Connection->execute('DELETE FROM `tb...')
#2 D:\Xampp\htdocs\latihanci4_luthfy\system\Database\BaseConnection.php(606): CodeIgniter\Database\BaseConnection->simpleQuery('DELETE FROM `tb...')
#3 D:\Xampp\htdocs\latihanci4_luthfy\system\Database\BaseBuilder.php(2790): CodeIgniter\Database\BaseConnection->query('DELETE FROM `tb...', Array, false)
#4 D:\Xampp\htdocs\latihanci4_luthfy\app\Models\MatakuliahModel.php(22): CodeIgniter\Database\BaseBuilder->delete(Array)
#5 D:\Xampp\htdocs\latihanci4_luthfy\app\Controllers\Matakuliah.php(62): App\Models\MatakuliahModel->delete_data('2')
#6 D:\Xampp\htdocs\latihanci4_luthfy\system\CodeIgniter.php(919): App\Controllers\Matakuliah->delete('2')
#7 D:\Xampp\htdocs\latihanci4_luthfy\system\CodeIgniter.php(494): CodeIgniter\CodeIgniter->runController(Object(App\Controllers\Matakuliah))
#8 D:\Xampp\htdocs\latihanci4_luthfy\system\CodeIgniter.php(353): CodeIgniter\CodeIgniter->handleRequest(NULL, Object(Config\Cache), false)
#9 D:\Xampp\htdocs\latihanci4_luthfy\public\index.php(79): CodeIgniter\CodeIgniter->run()
#10 {main}
CRITICAL - 2023-10-31 09:21:24 --> Unknown column 'id' in 'where clause'
in SYSTEMPATH\Database\BaseConnection.php on line 646.
 1 SYSTEMPATH\Database\BaseBuilder.php(2790): CodeIgniter\Database\BaseConnection->query('DELETE FROM `tbl_matakuliah`
WHERE `id` = :id:', [...], false)
 2 APPPATH\Models\MatakuliahModel.php(22): CodeIgniter\Database\BaseBuilder->delete([...])
 3 APPPATH\Controllers\Matakuliah.php(62): App\Models\MatakuliahModel->delete_data('2')
 4 SYSTEMPATH\CodeIgniter.php(919): App\Controllers\Matakuliah->delete('2')
 5 SYSTEMPATH\CodeIgniter.php(494): CodeIgniter\CodeIgniter->runController(Object(App\Controllers\Matakuliah))
 6 SYSTEMPATH\CodeIgniter.php(353): CodeIgniter\CodeIgniter->handleRequest(null, Object(Config\Cache), false)
 7 FCPATH\index.php(79): CodeIgniter\CodeIgniter->run()
CRITICAL - 2023-10-31 09:25:33 --> Call to undefined method App\Models\MatakuliahModel::data_mhs
in SYSTEMPATH\Model.php on line 873.
 1 APPPATH\Controllers\Matakuliah.php(40): CodeIgniter\Model->__call('data_mhs', [...])
 2 SYSTEMPATH\CodeIgniter.php(919): App\Controllers\Matakuliah->edit('1')
 3 SYSTEMPATH\CodeIgniter.php(494): CodeIgniter\CodeIgniter->runController(Object(App\Controllers\Matakuliah))
 4 SYSTEMPATH\CodeIgniter.php(353): CodeIgniter\CodeIgniter->handleRequest(null, Object(Config\Cache), false)
 5 FCPATH\index.php(79): CodeIgniter\CodeIgniter->run()
CRITICAL - 2023-10-31 09:26:43 --> Call to undefined method App\Models\MatakuliahModel::data_mhs
in SYSTEMPATH\Model.php on line 873.
 1 APPPATH\Controllers\Matakuliah.php(40): CodeIgniter\Model->__call('data_mhs', [...])
 2 SYSTEMPATH\CodeIgniter.php(919): App\Controllers\Matakuliah->edit('1')
 3 SYSTEMPATH\CodeIgniter.php(494): CodeIgniter\CodeIgniter->runController(Object(App\Controllers\Matakuliah))
 4 SYSTEMPATH\CodeIgniter.php(353): CodeIgniter\CodeIgniter->handleRequest(null, Object(Config\Cache), false)
 5 FCPATH\index.php(79): CodeIgniter\CodeIgniter->run()
CRITICAL - 2023-10-31 09:26:46 --> Call to undefined method App\Models\MatakuliahModel::data_mhs
in SYSTEMPATH\Model.php on line 873.
 1 APPPATH\Controllers\Matakuliah.php(40): CodeIgniter\Model->__call('data_mhs', [...])
 2 SYSTEMPATH\CodeIgniter.php(919): App\Controllers\Matakuliah->edit('1')
 3 SYSTEMPATH\CodeIgniter.php(494): CodeIgniter\CodeIgniter->runController(Object(App\Controllers\Matakuliah))
 4 SYSTEMPATH\CodeIgniter.php(353): CodeIgniter\CodeIgniter->handleRequest(null, Object(Config\Cache), false)
 5 FCPATH\index.php(79): CodeIgniter\CodeIgniter->run()
CRITICAL - 2023-10-31 09:26:59 --> Call to undefined method App\Models\MatakuliahModel::data_mhs
in SYSTEMPATH\Model.php on line 873.
 1 APPPATH\Controllers\Matakuliah.php(40): CodeIgniter\Model->__call('data_mhs', [...])
 2 SYSTEMPATH\CodeIgniter.php(919): App\Controllers\Matakuliah->edit('1')
 3 SYSTEMPATH\CodeIgniter.php(494): CodeIgniter\CodeIgniter->runController(Object(App\Controllers\Matakuliah))
 4 SYSTEMPATH\CodeIgniter.php(353): CodeIgniter\CodeIgniter->handleRequest(null, Object(Config\Cache), false)
 5 FCPATH\index.php(79): CodeIgniter\CodeIgniter->run()
CRITICAL - 2023-10-31 09:29:13 --> Call to undefined method App\Models\MatakuliahModel::data_mhs
in SYSTEMPATH\Model.php on line 873.
 1 APPPATH\Controllers\Matakuliah.php(40): CodeIgniter\Model->__call('data_mhs', [...])
 2 SYSTEMPATH\CodeIgniter.php(919): App\Controllers\Matakuliah->edit('1')
 3 SYSTEMPATH\CodeIgniter.php(494): CodeIgniter\CodeIgniter->runController(Object(App\Controllers\Matakuliah))
 4 SYSTEMPATH\CodeIgniter.php(353): CodeIgniter\CodeIgniter->handleRequest(null, Object(Config\Cache), false)
 5 FCPATH\index.php(79): CodeIgniter\CodeIgniter->run()
CRITICAL - 2023-10-31 09:29:14 --> Call to undefined method App\Models\MatakuliahModel::data_mhs
in SYSTEMPATH\Model.php on line 873.
 1 APPPATH\Controllers\Matakuliah.php(40): CodeIgniter\Model->__call('data_mhs', [...])
 2 SYSTEMPATH\CodeIgniter.php(919): App\Controllers\Matakuliah->edit('1')
 3 SYSTEMPATH\CodeIgniter.php(494): CodeIgniter\CodeIgniter->runController(Object(App\Controllers\Matakuliah))
 4 SYSTEMPATH\CodeIgniter.php(353): CodeIgniter\CodeIgniter->handleRequest(null, Object(Config\Cache), false)
 5 FCPATH\index.php(79): CodeIgniter\CodeIgniter->run()
CRITICAL - 2023-10-31 09:29:15 --> Call to undefined method App\Models\MatakuliahModel::data_mhs
in SYSTEMPATH\Model.php on line 873.
 1 APPPATH\Controllers\Matakuliah.php(40): CodeIgniter\Model->__call('data_mhs', [...])
 2 SYSTEMPATH\CodeIgniter.php(919): App\Controllers\Matakuliah->edit('1')
 3 SYSTEMPATH\CodeIgniter.php(494): CodeIgniter\CodeIgniter->runController(Object(App\Controllers\Matakuliah))
 4 SYSTEMPATH\CodeIgniter.php(353): CodeIgniter\CodeIgniter->handleRequest(null, Object(Config\Cache), false)
 5 FCPATH\index.php(79): CodeIgniter\CodeIgniter->run()
CRITICAL - 2023-10-31 09:32:08 --> Call to undefined method App\Models\MatakuliahModel::data_mhs
in SYSTEMPATH\Model.php on line 873.
 1 APPPATH\Controllers\Matakuliah.php(39): CodeIgniter\Model->__call('data_mhs', [...])
 2 SYSTEMPATH\CodeIgniter.php(919): App\Controllers\Matakuliah->edit('1')
 3 SYSTEMPATH\CodeIgniter.php(494): CodeIgniter\CodeIgniter->runController(Object(App\Controllers\Matakuliah))
 4 SYSTEMPATH\CodeIgniter.php(353): CodeIgniter\CodeIgniter->handleRequest(null, Object(Config\Cache), false)
 5 FCPATH\index.php(79): CodeIgniter\CodeIgniter->run()
CRITICAL - 2023-10-31 09:32:10 --> Call to undefined method App\Models\MatakuliahModel::data_mhs
in SYSTEMPATH\Model.php on line 873.
 1 APPPATH\Controllers\Matakuliah.php(39): CodeIgniter\Model->__call('data_mhs', [...])
 2 SYSTEMPATH\CodeIgniter.php(919): App\Controllers\Matakuliah->edit('1')
 3 SYSTEMPATH\CodeIgniter.php(494): CodeIgniter\CodeIgniter->runController(Object(App\Controllers\Matakuliah))
 4 SYSTEMPATH\CodeIgniter.php(353): CodeIgniter\CodeIgniter->handleRequest(null, Object(Config\Cache), false)
 5 FCPATH\index.php(79): CodeIgniter\CodeIgniter->run()
ERROR - 2023-10-31 09:32:13 --> mysqli_sql_exception: Unknown column 'id' in 'where clause' in D:\Xampp\htdocs\latihanci4_luthfy\system\Database\MySQLi\Connection.php:306
Stack trace:
#0 D:\Xampp\htdocs\latihanci4_luthfy\system\Database\MySQLi\Connection.php(306): mysqli->query('DELETE FROM `tb...', 0)
#1 D:\Xampp\htdocs\latihanci4_luthfy\system\Database\BaseConnection.php(692): CodeIgniter\Database\MySQLi\Connection->execute('DELETE FROM `tb...')
#2 D:\Xampp\htdocs\latihanci4_luthfy\system\Database\BaseConnection.php(606): CodeIgniter\Database\BaseConnection->simpleQuery('DELETE FROM `tb...')
#3 D:\Xampp\htdocs\latihanci4_luthfy\system\Database\BaseBuilder.php(2790): CodeIgniter\Database\BaseConnection->query('DELETE FROM `tb...', Array, false)
#4 D:\Xampp\htdocs\latihanci4_luthfy\app\Models\MatakuliahModel.php(22): CodeIgniter\Database\BaseBuilder->delete(Array)
#5 D:\Xampp\htdocs\latihanci4_luthfy\app\Controllers\Matakuliah.php(61): App\Models\MatakuliahModel->delete_data('1')
#6 D:\Xampp\htdocs\latihanci4_luthfy\system\CodeIgniter.php(919): App\Controllers\Matakuliah->delete('1')
#7 D:\Xampp\htdocs\latihanci4_luthfy\system\CodeIgniter.php(494): CodeIgniter\CodeIgniter->runController(Object(App\Controllers\Matakuliah))
#8 D:\Xampp\htdocs\latihanci4_luthfy\system\CodeIgniter.php(353): CodeIgniter\CodeIgniter->handleRequest(NULL, Object(Config\Cache), false)
#9 D:\Xampp\htdocs\latihanci4_luthfy\public\index.php(79): CodeIgniter\CodeIgniter->run()
#10 {main}
CRITICAL - 2023-10-31 09:32:13 --> Unknown column 'id' in 'where clause'
in SYSTEMPATH\Database\BaseConnection.php on line 646.
 1 SYSTEMPATH\Database\BaseBuilder.php(2790): CodeIgniter\Database\BaseConnection->query('DELETE FROM `tbl_matakuliah`
WHERE `id` = :id:', [...], false)
 2 APPPATH\Models\MatakuliahModel.php(22): CodeIgniter\Database\BaseBuilder->delete([...])
 3 APPPATH\Controllers\Matakuliah.php(61): App\Models\MatakuliahModel->delete_data('1')
 4 SYSTEMPATH\CodeIgniter.php(919): App\Controllers\Matakuliah->delete('1')
 5 SYSTEMPATH\CodeIgniter.php(494): CodeIgniter\CodeIgniter->runController(Object(App\Controllers\Matakuliah))
 6 SYSTEMPATH\CodeIgniter.php(353): CodeIgniter\CodeIgniter->handleRequest(null, Object(Config\Cache), false)
 7 FCPATH\index.php(79): CodeIgniter\CodeIgniter->run()
CRITICAL - 2023-10-31 09:33:56 --> Call to undefined method App\Models\MatakuliahModel::data_mhs
in SYSTEMPATH\Model.php on line 873.
 1 APPPATH\Controllers\Matakuliah.php(39): CodeIgniter\Model->__call('data_mhs', [...])
 2 SYSTEMPATH\CodeIgniter.php(919): App\Controllers\Matakuliah->edit('1')
 3 SYSTEMPATH\CodeIgniter.php(494): CodeIgniter\CodeIgniter->runController(Object(App\Controllers\Matakuliah))
 4 SYSTEMPATH\CodeIgniter.php(353): CodeIgniter\CodeIgniter->handleRequest(null, Object(Config\Cache), false)
 5 FCPATH\index.php(79): CodeIgniter\CodeIgniter->run()
ERROR - 2023-10-31 09:45:51 --> mysqli_sql_exception: Unknown column 'id' in 'where clause' in D:\Xampp\htdocs\latihanci4_luthfy\system\Database\MySQLi\Connection.php:306
Stack trace:
#0 D:\Xampp\htdocs\latihanci4_luthfy\system\Database\MySQLi\Connection.php(306): mysqli->query('DELETE FROM `tb...', 0)
#1 D:\Xampp\htdocs\latihanci4_luthfy\system\Database\BaseConnection.php(692): CodeIgniter\Database\MySQLi\Connection->execute('DELETE FROM `tb...')
#2 D:\Xampp\htdocs\latihanci4_luthfy\system\Database\BaseConnection.php(606): CodeIgniter\Database\BaseConnection->simpleQuery('DELETE FROM `tb...')
#3 D:\Xampp\htdocs\latihanci4_luthfy\system\Database\BaseBuilder.php(2790): CodeIgniter\Database\BaseConnection->query('DELETE FROM `tb...', Array, false)
#4 D:\Xampp\htdocs\latihanci4_luthfy\app\Models\MatakuliahModel.php(22): CodeIgniter\Database\BaseBuilder->delete(Array)
#5 D:\Xampp\htdocs\latihanci4_luthfy\app\Controllers\Matakuliah.php(61): App\Models\MatakuliahModel->delete_data('3')
#6 D:\Xampp\htdocs\latihanci4_luthfy\system\CodeIgniter.php(919): App\Controllers\Matakuliah->delete('3')
#7 D:\Xampp\htdocs\latihanci4_luthfy\system\CodeIgniter.php(494): CodeIgniter\CodeIgniter->runController(Object(App\Controllers\Matakuliah))
#8 D:\Xampp\htdocs\latihanci4_luthfy\system\CodeIgniter.php(353): CodeIgniter\CodeIgniter->handleRequest(NULL, Object(Config\Cache), false)
#9 D:\Xampp\htdocs\latihanci4_luthfy\public\index.php(79): CodeIgniter\CodeIgniter->run()
#10 {main}
CRITICAL - 2023-10-31 09:45:51 --> Unknown column 'id' in 'where clause'
in SYSTEMPATH\Database\BaseConnection.php on line 646.
 1 SYSTEMPATH\Database\BaseBuilder.php(2790): CodeIgniter\Database\BaseConnection->query('DELETE FROM `tbl_matakuliah`
WHERE `id` = :id:', [...], false)
 2 APPPATH\Models\MatakuliahModel.php(22): CodeIgniter\Database\BaseBuilder->delete([...])
 3 APPPATH\Controllers\Matakuliah.php(61): App\Models\MatakuliahModel->delete_data('3')
 4 SYSTEMPATH\CodeIgniter.php(919): App\Controllers\Matakuliah->delete('3')
 5 SYSTEMPATH\CodeIgniter.php(494): CodeIgniter\CodeIgniter->runController(Object(App\Controllers\Matakuliah))
 6 SYSTEMPATH\CodeIgniter.php(353): CodeIgniter\CodeIgniter->handleRequest(null, Object(Config\Cache), false)
 7 FCPATH\index.php(79): CodeIgniter\CodeIgniter->run()
CRITICAL - 2023-10-31 09:46:25 --> Call to undefined method App\Models\MatakuliahModel::data_mhs
in SYSTEMPATH\Model.php on line 873.
 1 APPPATH\Controllers\Matakuliah.php(39): CodeIgniter\Model->__call('data_mhs', [...])
 2 SYSTEMPATH\CodeIgniter.php(919): App\Controllers\Matakuliah->edit('1')
 3 SYSTEMPATH\CodeIgniter.php(494): CodeIgniter\CodeIgniter->runController(Object(App\Controllers\Matakuliah))
 4 SYSTEMPATH\CodeIgniter.php(353): CodeIgniter\CodeIgniter->handleRequest(null, Object(Config\Cache), false)
 5 FCPATH\index.php(79): CodeIgniter\CodeIgniter->run()
CRITICAL - 2023-10-31 09:47:09 --> Call to undefined method App\Models\MatakuliahModel::data_mhs
in SYSTEMPATH\Model.php on line 873.
 1 APPPATH\Controllers\Matakuliah.php(39): CodeIgniter\Model->__call('data_mhs', [...])
 2 SYSTEMPATH\CodeIgniter.php(919): App\Controllers\Matakuliah->edit('1')
 3 SYSTEMPATH\CodeIgniter.php(494): CodeIgniter\CodeIgniter->runController(Object(App\Controllers\Matakuliah))
 4 SYSTEMPATH\CodeIgniter.php(353): CodeIgniter\CodeIgniter->handleRequest(null, Object(Config\Cache), false)
 5 FCPATH\index.php(79): CodeIgniter\CodeIgniter->run()
CRITICAL - 2023-10-31 09:47:56 --> Call to undefined method App\Models\MatakuliahModel::data_mhs
in SYSTEMPATH\Model.php on line 873.
 1 APPPATH\Controllers\Matakuliah.php(39): CodeIgniter\Model->__call('data_mhs', [...])
 2 SYSTEMPATH\CodeIgniter.php(919): App\Controllers\Matakuliah->edit('1')
 3 SYSTEMPATH\CodeIgniter.php(494): CodeIgniter\CodeIgniter->runController(Object(App\Controllers\Matakuliah))
 4 SYSTEMPATH\CodeIgniter.php(353): CodeIgniter\CodeIgniter->handleRequest(null, Object(Config\Cache), false)
 5 FCPATH\index.php(79): CodeIgniter\CodeIgniter->run()
